Using pre-set license

 COMMAND LINE ARGUMENTS:
/Users/aidendickson/Unity/2020.3.13f1/Unity.app/Contents/MacOS/Unity
-adb2
-batchMode
-noUpm
-name
AssetImportWorker0
-projectPath
/Users/aidendickson/Desktop/XTerra_Classes/Unity_Foundations/Pair_Prog_2
-logFile
Logs/AssetImportWorker0.log
-srvPort
56673
Successfully changed project path to: /Users/aidendickson/Desktop/XTerra_Classes/Unity_Foundations/Pair_Prog_2
/Users/aidendickson/Desktop/XTerra_Classes/Unity_Foundations/Pair_Prog_2
Using Asset Import Pipeline V2.
Refreshing native plugins compatible for Editor in 81.96 ms, found 2 plugins.
Preloading 0 native plugins for Editor in 0.00 ms.
Initialize engine version: 2020.3.13f1 (71691879b7f5)
[Subsystems] Discovering subsystems at path /Users/aidendickson/Unity/2020.3.13f1/Unity.app/Contents/Resources/UnitySubsystems
[Subsystems] Discovering subsystems at path /Users/aidendickson/Desktop/XTerra_Classes/Unity_Foundations/Pair_Prog_2/Assets
GfxDevice: creating device client; threaded=0
2022-07-15 02:24:38.713 Unity[7728:813020] Color LCD preferred device: AMD Radeon Pro 5600M (high power)
2022-07-15 02:24:38.713 Unity[7728:813020] Metal devices available: 2
2022-07-15 02:24:38.713 Unity[7728:813020] 0: AMD Radeon Pro 5600M (high power)
2022-07-15 02:24:38.713 Unity[7728:813020] 1: Intel(R) UHD Graphics 630 (low power)
2022-07-15 02:24:38.714 Unity[7728:813020] Using device AMD Radeon Pro 5600M (high power)
Initializing Metal device caps: AMD Radeon Pro 5600M
Initialize mono
Mono path[0] = '/Users/aidendickson/Unity/2020.3.13f1/Unity.app/Contents/Managed'
Mono path[1] = '/Users/aidendickson/Unity/2020.3.13f1/Unity.app/Contents/MonoBleedingEdge/lib/mono/unityjit'
Mono config path = '/Users/aidendickson/Unity/2020.3.13f1/Unity.app/Contents/MonoBleedingEdge/etc'
Using monoOptions --debugger-agent=transport=dt_socket,embedding=1,server=y,suspend=n,address=127.0.0.1:56728
Begin MonoManager ReloadAssembly
Registering precompiled unity dll's ...
Register platform support module: /Users/aidendickson/Unity/2020.3.13f1/Unity.app/Contents/PlaybackEngines/MacStandaloneSupport/UnityEditor.OSXStandalone.Extensions.dll
Registered in 0.000915 seconds.
Native extension for OSXStandalone target not found
Refreshing native plugins compatible for Editor in 72.11 ms, found 2 plugins.
Preloading 0 native plugins for Editor in 0.00 ms.
Mono: successfully reloaded assembly
- Completed reload, in  5.186 seconds
Platform modules already initialized, skipping
Registering precompiled user dll's ...
Registered in 0.005286 seconds.
Begin MonoManager ReloadAssembly
Native extension for OSXStandalone target not found
Refreshing native plugins compatible for Editor in 77.01 ms, found 2 plugins.
Preloading 0 native plugins for Editor in 0.00 ms.
Mono: successfully reloaded assembly
- Completed reload, in  1.813 seconds
Platform modules already initialized, skipping
========================================================================
Worker process is ready to serve import requests
Shader 'Universal Render Pipeline/Particles/Lit': fallback shader 'Universal Render Pipeline/Particles/SimpleLit' not found
Shader 'Universal Render Pipeline/Particles/Lit': fallback shader 'Universal Render Pipeline/Particles/SimpleLit' not found
Launching external process: /Users/aidendickson/Unity/2020.3.13f1/Unity.app/Contents/Tools/UnityShaderCompiler
Launched and connected shader compiler UnityShaderCompiler after 0.02 seconds
Refreshing native plugins compatible for Editor in 0.66 ms, found 2 plugins.
Preloading 0 native plugins for Editor in 0.00 ms.
Unloading 2992 Unused Serialized files (Serialized files now loaded: 0)
System memory in use before: 222.1 MB.
System memory in use after: 219.4 MB.

Unloading 56 unused Assets to reduce memory usage. Loaded Objects now: 3391.
Total: 5.258207 ms (FindLiveObjects: 0.366910 ms CreateObjectMapping: 0.171483 ms MarkObjects: 2.727186 ms  DeleteObjects: 1.991534 ms)

AssetImportParameters requested are different than current active one (requested -> active):
  custom:video-decoder-ogg-theora: a1e56fd34408186e4bbccfd4996cb3dc -> 
  custom:container-muxer-webm: aa71ff27fc2769a1b78a27578f13a17b -> 
  custom:container-demuxer-webm: 4f35f7cbe854078d1ac9338744f61a02 -> 
  custom:container-demuxer-ogg: 62fdf1f143b41e24485cea50d1cbac27 -> 
  custom:video-encoder-webm-vp8: eb34c28f22e8b96e1ab97ce403110664 -> 
  custom:framework-osx-AVFoundation: e770b220cccbd017edd2c1fefb359320 -> 
  custom:video-decoder-webm-vp8: 9c59270c3fd7afecdb556c50c9e8de78 -> 
  custom:audio-decoder-ogg-vorbis: bf7c407c2cedff20999df2af8eb42d56 -> 
  custom:audio-encoder-webm-vorbis: bf7c407c2cedff20999df2af8eb42d56 -> 
========================================================================
Received Import Request.
  path: Assets/Player Controls.inputactions
  artifactKey: Guid(14d2e0141993f451b8f8ea8c2acd468f) Importer(815301076,1909f56bfc062723c751e8b465ee728b)
Start importing Assets/Player Controls.inputactions using Guid(14d2e0141993f451b8f8ea8c2acd468f) Importer(815301076,1909f56bfc062723c751e8b465ee728b)  -> (artifact id: '8fb5bdec0e2ff193f999184083fd2193') in 0.151076 seconds 
  Import took 0.156291 seconds .

========================================================================
Received Import Request.
  Time since last request: 130.284739 seconds.
  path: Assets/Player Controls.inputactions
  artifactKey: Guid(14d2e0141993f451b8f8ea8c2acd468f) Importer(815301076,1909f56bfc062723c751e8b465ee728b)
Start importing Assets/Player Controls.inputactions using Guid(14d2e0141993f451b8f8ea8c2acd468f) Importer(815301076,1909f56bfc062723c751e8b465ee728b)  -> (artifact id: '0d806e4ba172f88ff5096c242acbee9d') in 0.008603 seconds 
  Import took 0.013854 seconds .

AssetImportWorkerClient::OnTransportError - code=2 error=End of file
