Using pre-set license

 COMMAND LINE ARGUMENTS:
/Users/aidendickson/Unity/2020.3.13f1/Unity.app/Contents/MacOS/Unity
-adb2
-batchMode
-noUpm
-name
AssetImportWorker0
-projectPath
/Users/aidendickson/Desktop/UnityProjects_Tutorials/Unity_Foundations/Unity_Foundations_All_Scenes
-logFile
Logs/AssetImportWorker0.log
-srvPort
63831
Successfully changed project path to: /Users/aidendickson/Desktop/UnityProjects_Tutorials/Unity_Foundations/Unity_Foundations_All_Scenes
/Users/aidendickson/Desktop/UnityProjects_Tutorials/Unity_Foundations/Unity_Foundations_All_Scenes
Using Asset Import Pipeline V2.
Refreshing native plugins compatible for Editor in 87.32 ms, found 2 plugins.
Preloading 0 native plugins for Editor in 0.00 ms.
Initialize engine version: 2020.3.13f1 (71691879b7f5)
[Subsystems] Discovering subsystems at path /Users/aidendickson/Unity/2020.3.13f1/Unity.app/Contents/Resources/UnitySubsystems
[Subsystems] Discovering subsystems at path /Users/aidendickson/Desktop/UnityProjects_Tutorials/Unity_Foundations/Unity_Foundations_All_Scenes/Assets
GfxDevice: creating device client; threaded=0
2022-09-24 18:56:06.058 Unity[23330:357536] LG ULTRAWIDE preferred device: AMD Radeon Pro 5600M (high power)
2022-09-24 18:56:06.058 Unity[23330:357536] Metal devices available: 2
2022-09-24 18:56:06.059 Unity[23330:357536] 0: AMD Radeon Pro 5600M (high power)
2022-09-24 18:56:06.059 Unity[23330:357536] 1: Intel(R) UHD Graphics 630 (low power)
2022-09-24 18:56:06.059 Unity[23330:357536] Using device AMD Radeon Pro 5600M (high power)
Initializing Metal device caps: AMD Radeon Pro 5600M
Initialize mono
Mono path[0] = '/Users/aidendickson/Unity/2020.3.13f1/Unity.app/Contents/Managed'
Mono path[1] = '/Users/aidendickson/Unity/2020.3.13f1/Unity.app/Contents/MonoBleedingEdge/lib/mono/unityjit'
Mono config path = '/Users/aidendickson/Unity/2020.3.13f1/Unity.app/Contents/MonoBleedingEdge/etc'
Using monoOptions --debugger-agent=transport=dt_socket,embedding=1,server=y,suspend=n,address=127.0.0.1:56330
Begin MonoManager ReloadAssembly
Registering precompiled unity dll's ...
Register platform support module: /Users/aidendickson/Unity/2020.3.13f1/Unity.app/Contents/PlaybackEngines/MacStandaloneSupport/UnityEditor.OSXStandalone.Extensions.dll
Registered in 0.000717 seconds.
Native extension for OSXStandalone target not found
Refreshing native plugins compatible for Editor in 81.88 ms, found 2 plugins.
Preloading 0 native plugins for Editor in 0.00 ms.
Mono: successfully reloaded assembly
- Completed reload, in  6.235 seconds
Platform modules already initialized, skipping
Registering precompiled user dll's ...
Registered in 0.006541 seconds.
Begin MonoManager ReloadAssembly
Native extension for OSXStandalone target not found
Refreshing native plugins compatible for Editor in 87.28 ms, found 2 plugins.
Preloading 0 native plugins for Editor in 0.00 ms.
Mono: successfully reloaded assembly
- Completed reload, in  1.971 seconds
Platform modules already initialized, skipping
========================================================================
Worker process is ready to serve import requests
Shader 'Universal Render Pipeline/Particles/Lit': fallback shader 'Universal Render Pipeline/Particles/SimpleLit' not found
Shader 'Universal Render Pipeline/Particles/Lit': fallback shader 'Universal Render Pipeline/Particles/SimpleLit' not found
Launching external process: /Users/aidendickson/Unity/2020.3.13f1/Unity.app/Contents/Tools/UnityShaderCompiler
Launched and connected shader compiler UnityShaderCompiler after 0.02 seconds
Refreshing native plugins compatible for Editor in 0.64 ms, found 2 plugins.
Preloading 0 native plugins for Editor in 0.00 ms.
Unloading 3000 Unused Serialized files (Serialized files now loaded: 0)
System memory in use before: 225.5 MB.
System memory in use after: 222.8 MB.

Unloading 56 unused Assets to reduce memory usage. Loaded Objects now: 3399.
Total: 7.622135 ms (FindLiveObjects: 0.383620 ms CreateObjectMapping: 0.214752 ms MarkObjects: 4.037666 ms  DeleteObjects: 2.984561 ms)

AssetImportParameters requested are different than current active one (requested -> active):
  custom:video-decoder-ogg-theora: a1e56fd34408186e4bbccfd4996cb3dc -> 
  custom:container-muxer-webm: aa71ff27fc2769a1b78a27578f13a17b -> 
  custom:container-demuxer-webm: 4f35f7cbe854078d1ac9338744f61a02 -> 
  custom:container-demuxer-ogg: 62fdf1f143b41e24485cea50d1cbac27 -> 
  custom:video-encoder-webm-vp8: eb34c28f22e8b96e1ab97ce403110664 -> 
  custom:framework-osx-AVFoundation: e770b220cccbd017edd2c1fefb359320 -> 
  custom:video-decoder-webm-vp8: 9c59270c3fd7afecdb556c50c9e8de78 -> 
  custom:audio-decoder-ogg-vorbis: bf7c407c2cedff20999df2af8eb42d56 -> 
  custom:audio-encoder-webm-vorbis: bf7c407c2cedff20999df2af8eb42d56 -> 
========================================================================
Received Import Request.
  path: Assets/Scenes/Base_Defense.unity
  artifactKey: Guid(c563481caf6364d9e9fd0d1fb2ec9fc8) Importer(815301076,1909f56bfc062723c751e8b465ee728b)
Start importing Assets/Scenes/Base_Defense.unity using Guid(c563481caf6364d9e9fd0d1fb2ec9fc8) Importer(815301076,1909f56bfc062723c751e8b465ee728b)  -> (artifact id: 'b7bf8fca273f941d67a890f8703ffe20') in 0.019889 seconds 
  Import took 0.027321 seconds .

========================================================================
Received Import Request.
  Time since last request: 6.753972 seconds.
  path: Assets/Scenes/Move_Cube_Forward.unity
  artifactKey: Guid(86536b9b9c0e04fd393ae86f5e467f7c) Importer(815301076,1909f56bfc062723c751e8b465ee728b)
Start importing Assets/Scenes/Move_Cube_Forward.unity using Guid(86536b9b9c0e04fd393ae86f5e467f7c) Importer(815301076,1909f56bfc062723c751e8b465ee728b)  -> (artifact id: 'ad1cca25748db4395603065478c29105') in 0.003166 seconds 
  Import took 0.009296 seconds .

========================================================================
Received Import Request.
  Time since last request: 1.613460 seconds.
  path: Assets/Scenes/Pair_Prog_2__Collectable_Cubes.unity
  artifactKey: Guid(6e9a723d1ba79462e94a0b9d7df3734a) Importer(815301076,1909f56bfc062723c751e8b465ee728b)
Start importing Assets/Scenes/Pair_Prog_2__Collectable_Cubes.unity using Guid(6e9a723d1ba79462e94a0b9d7df3734a) Importer(815301076,1909f56bfc062723c751e8b465ee728b)  -> (artifact id: '028f5f55a941adc3c180ce0f21882572') in 0.003161 seconds 
  Import took 0.009107 seconds .

========================================================================
Received Import Request.
  Time since last request: 7.717067 seconds.
  path: Assets/Scenes/Collectable_Cubes.unity
  artifactKey: Guid(6e9a723d1ba79462e94a0b9d7df3734a) Importer(815301076,1909f56bfc062723c751e8b465ee728b)
Start importing Assets/Scenes/Collectable_Cubes.unity using Guid(6e9a723d1ba79462e94a0b9d7df3734a) Importer(815301076,1909f56bfc062723c751e8b465ee728b)  -> (artifact id: 'e5b3d210f50e536b5a1724b94c469326') in 0.003256 seconds 
  Import took 0.010559 seconds .

